<?xml version="1.0" encoding="UTF-8"?>
<testsuite xmlns:xsi="http://www.w3.org/2001/XMLSchema-instance" xsi:noNamespaceSchemaLocation="https://maven.apache.org/surefire/maven-surefire-plugin/xsd/surefire-test-report-3.0.xsd" version="3.0" name="com.uca.project.NCapasApplicationTests" time="18.728" tests="1" errors="0" skipped="0" failures="0">
  <properties>
[...]
</properties>
  <testcase name="contextLoads" classname="com.uca.project.NCapasApplicationTests" time="0.815">
    <system-out><![CDATA[21:47:20.348 [main] INFO org.springframework.test.context.support.AnnotationConfigContextLoaderUtils -- Could not detect default configuration classes for test class [com.uca.project.NCapasApplicationTests]: NCapasApplicationTests does not declare any static, non-private, non-final, nested classes annotated with @Configuration.
21:47:20.537 [main] INFO org.springframework.boot.test.context.SpringBootTestContextBootstrapper -- Found @SpringBootConfiguration com.uca.project.NCapasApplication for test class com.uca.project.NCapasApplicationTests

  .   ____          _            __ _ _
 /\\ / ___'_ __ _ _(_)_ __  __ _ \ \ \ \
( ( )\___ | '_ | '_| | '_ \/ _` | \ \ \ \
 \\/  ___)| |_)| | | | | || (_| |  ) ) ) )
  '  |____| .__|_| |_|_| |_\__, | / / / /
 =========|_|==============|___/=/_/_/_/
 :: Spring Boot ::                (v3.2.5)

2024-07-07T21:47:21.304-06:00  INFO 12320 --- [nCapas] [           main] com.uca.project.NCapasApplicationTests   : Starting NCapasApplicationTests using Java 22.0.1 with PID 12320 (started by kevin in C:\Users\kevin\Documents\Codigos y projectos\Test)
2024-07-07T21:47:21.307-06:00  INFO 12320 --- [nCapas] [           main] com.uca.project.NCapasApplicationTests   : No active profile set, falling back to 1 default profile: "default"
2024-07-07T21:47:22.680-06:00  INFO 12320 --- [nCapas] [           main] .s.d.r.c.RepositoryConfigurationDelegate : Multiple Spring Data modules found, entering strict repository configuration mode
2024-07-07T21:47:22.683-06:00  INFO 12320 --- [nCapas] [           main] .s.d.r.c.RepositoryConfigurationDelegate : Bootstrapping Spring Data JDBC repositories in DEFAULT mode.
2024-07-07T21:47:22.747-06:00  INFO 12320 --- [nCapas] [           main] .RepositoryConfigurationExtensionSupport : Spring Data JDBC - Could not safely identify store assignment for repository candidate interface com.uca.project.repositories.DateRepository; If you want this repository to be a JDBC repository, consider annotating your entities with one of these annotations: org.springframework.data.relational.core.mapping.Table.
2024-07-07T21:47:22.749-06:00  INFO 12320 --- [nCapas] [           main] .RepositoryConfigurationExtensionSupport : Spring Data JDBC - Could not safely identify store assignment for repository candidate interface com.uca.project.repositories.EntryRepository; If you want this repository to be a JDBC repository, consider annotating your entities with one of these annotations: org.springframework.data.relational.core.mapping.Table.
2024-07-07T21:47:22.753-06:00  INFO 12320 --- [nCapas] [           main] .RepositoryConfigurationExtensionSupport : Spring Data JDBC - Could not safely identify store assignment for repository candidate interface com.uca.project.repositories.HomeRepository; If you want this repository to be a JDBC repository, consider annotating your entities with one of these annotations: org.springframework.data.relational.core.mapping.Table.
2024-07-07T21:47:22.756-06:00  INFO 12320 --- [nCapas] [           main] .RepositoryConfigurationExtensionSupport : Spring Data JDBC - Could not safely identify store assignment for repository candidate interface com.uca.project.repositories.InvitationRepository; If you want this repository to be a JDBC repository, consider annotating your entities with one of these annotations: org.springframework.data.relational.core.mapping.Table.
2024-07-07T21:47:22.758-06:00  INFO 12320 --- [nCapas] [           main] .RepositoryConfigurationExtensionSupport : Spring Data JDBC - Could not safely identify store assignment for repository candidate interface com.uca.project.repositories.QRRepository; If you want this repository to be a JDBC repository, consider annotating your entities with one of these annotations: org.springframework.data.relational.core.mapping.Table.
2024-07-07T21:47:22.761-06:00  INFO 12320 --- [nCapas] [           main] .RepositoryConfigurationExtensionSupport : Spring Data JDBC - Could not safely identify store assignment for repository candidate interface com.uca.project.repositories.RoleRepository; If you want this repository to be a JDBC repository, consider annotating your entities with one of these annotations: org.springframework.data.relational.core.mapping.Table.
2024-07-07T21:47:22.763-06:00  INFO 12320 --- [nCapas] [           main] .RepositoryConfigurationExtensionSupport : Spring Data JDBC - Could not safely identify store assignment for repository candidate interface com.uca.project.repositories.TokenRepository; If you want this repository to be a JDBC repository, consider annotating your entities with one of these annotations: org.springframework.data.relational.core.mapping.Table.
2024-07-07T21:47:22.766-06:00  INFO 12320 --- [nCapas] [           main] .RepositoryConfigurationExtensionSupport : Spring Data JDBC - Could not safely identify store assignment for repository candidate interface com.uca.project.repositories.UserRepository; If you want this repository to be a JDBC repository, consider annotating your entities with one of these annotations: org.springframework.data.relational.core.mapping.Table.
2024-07-07T21:47:22.767-06:00  INFO 12320 --- [nCapas] [           main] .s.d.r.c.RepositoryConfigurationDelegate : Finished Spring Data repository scanning in 76 ms. Found 0 JDBC repository interfaces.
2024-07-07T21:47:22.785-06:00  INFO 12320 --- [nCapas] [           main] .s.d.r.c.RepositoryConfigurationDelegate : Multiple Spring Data modules found, entering strict repository configuration mode
2024-07-07T21:47:22.788-06:00  INFO 12320 --- [nCapas] [           main] .s.d.r.c.RepositoryConfigurationDelegate : Bootstrapping Spring Data JPA repositories in DEFAULT mode.
2024-07-07T21:47:22.876-06:00  INFO 12320 --- [nCapas] [           main] .s.d.r.c.RepositoryConfigurationDelegate : Finished Spring Data repository scanning in 82 ms. Found 8 JPA repository interfaces.
2024-07-07T21:47:23.754-06:00  INFO 12320 --- [nCapas] [           main] o.hibernate.jpa.internal.util.LogHelper  : HHH000204: Processing PersistenceUnitInfo [name: default]
2024-07-07T21:47:23.883-06:00  INFO 12320 --- [nCapas] [           main] org.hibernate.Version                    : HHH000412: Hibernate ORM core version 6.4.4.Final
2024-07-07T21:47:23.926-06:00  INFO 12320 --- [nCapas] [           main] o.h.c.internal.RegionFactoryInitiator    : HHH000026: Second-level cache disabled
2024-07-07T21:47:24.333-06:00  INFO 12320 --- [nCapas] [           main] o.s.o.j.p.SpringPersistenceUnitInfo      : No LoadTimeWeaver setup: ignoring JPA class transformer
2024-07-07T21:47:24.387-06:00  INFO 12320 --- [nCapas] [           main] com.zaxxer.hikari.HikariDataSource       : HikariPool-1 - Starting...
2024-07-07T21:47:26.139-06:00  INFO 12320 --- [nCapas] [           main] com.zaxxer.hikari.pool.HikariPool        : HikariPool-1 - Added connection org.postgresql.jdbc.PgConnection@534762ed
2024-07-07T21:47:26.142-06:00  INFO 12320 --- [nCapas] [           main] com.zaxxer.hikari.HikariDataSource       : HikariPool-1 - Start completed.
2024-07-07T21:47:28.619-06:00  INFO 12320 --- [nCapas] [           main] o.h.e.t.j.p.i.JtaPlatformInitiator       : HHH000489: No JTA platform available (set 'hibernate.transaction.jta.platform' to enable JTA platform integration)
2024-07-07T21:47:33.920-06:00  INFO 12320 --- [nCapas] [           main] j.LocalContainerEntityManagerFactoryBean : Initialized JPA EntityManagerFactory for persistence unit 'default'
2024-07-07T21:47:34.734-06:00  INFO 12320 --- [nCapas] [           main] o.s.d.j.r.query.QueryEnhancerFactory     : JSqlParser is in classpath; If applicable, JSqlParser will be used
2024-07-07T21:47:34.735-06:00  INFO 12320 --- [nCapas] [           main] o.s.d.j.r.query.QueryEnhancerFactory     : Hibernate is in classpath; If applicable, HQL parser will be used.
2024-07-07T21:47:36.368-06:00  WARN 12320 --- [nCapas] [           main] JpaBaseConfiguration$JpaWebConfiguration : spring.jpa.open-in-view is enabled by default. Therefore, database queries may be performed during view rendering. Explicitly configure spring.jpa.open-in-view to disable this warning
2024-07-07T21:47:37.017-06:00  INFO 12320 --- [nCapas] [           main] o.s.s.web.DefaultSecurityFilterChain     : Will secure any request with [org.springframework.security.web.session.DisableEncodeUrlFilter@79dd79eb, org.springframework.security.web.context.request.async.WebAsyncManagerIntegrationFilter@368617cd, org.springframework.security.web.context.SecurityContextHolderFilter@71b01319, org.springframework.security.web.header.HeaderWriterFilter@2abe5132, org.springframework.web.filter.CorsFilter@7ae88df1, org.springframework.security.web.authentication.logout.LogoutFilter@5710f755, com.uca.project.utils.JWTTokenFilter@7475f57e, org.springframework.security.web.authentication.www.BasicAuthenticationFilter@463c5d0f, org.springframework.security.web.savedrequest.RequestCacheAwareFilter@28fdce67, org.springframework.security.web.servletapi.SecurityContextHolderAwareRequestFilter@24c9a52a, org.springframework.security.web.authentication.AnonymousAuthenticationFilter@502a9b30, org.springframework.security.web.session.SessionManagementFilter@38ebf8dc, org.springframework.security.web.access.ExceptionTranslationFilter@2fb006dc, org.springframework.security.web.access.intercept.AuthorizationFilter@323fa578]
2024-07-07T21:47:37.935-06:00  INFO 12320 --- [nCapas] [           main] com.uca.project.NCapasApplicationTests   : Started NCapasApplicationTests in 17.174 seconds (process running for 18.854)
]]></system-out>
    <system-err><![CDATA[WARNING: A Java agent has been loaded dynamically (C:\Users\kevin\.m2\repository\net\bytebuddy\byte-buddy-agent\1.14.13\byte-buddy-agent-1.14.13.jar)
WARNING: If a serviceability tool is in use, please run with -XX:+EnableDynamicAgentLoading to hide this warning
WARNING: If a serviceability tool is not in use, please run with -Djdk.instrument.traceUsage for more information
WARNING: Dynamic loading of agents will be disallowed by default in a future release
]]></system-err>
  </testcase>
</testsuite>